<?xml version="1.0" encoding="UTF-8"?>
<testng-results skipped="0" failed="0" ignored="0" total="1" passed="1">
  <reporter-output>
  </reporter-output>
  <suite name="Default suite" duration-ms="4802" started-at="2017-09-15T12:05:24Z" finished-at="2017-09-15T12:05:29Z">
    <groups>
    </groups>
    <test name="Default test" duration-ms="4802" started-at="2017-09-15T12:05:24Z" finished-at="2017-09-15T12:05:29Z">
      <class name="testcases.TestCase_001">
        <test-method status="PASS" signature="testcase1()[pri:0, instance:testcases.TestCase_001@1d057a39]" name="testcase1" duration-ms="4789" started-at="2017-09-15T14:05:24Z" finished-at="2017-09-15T14:05:29Z">
          <reporter-output>
          </reporter-output>
        </test-method> <!-- testcase1 -->
      </class> <!-- testcases.TestCase_001 -->
    </test> <!-- Default test -->
  </suite> <!-- Default suite -->
</testng-results>
