<?xml version="1.0" encoding="UTF-8"?>
<testng-results skipped="0" failed="0" ignored="0" total="5" passed="5">
  <reporter-output>
  </reporter-output>
  <suite name="Suite" duration-ms="15220" started-at="2017-09-30T12:14:17Z" finished-at="2017-09-30T12:14:32Z">
    <groups>
    </groups>
    <test name="Test" duration-ms="15220" started-at="2017-09-30T12:14:17Z" finished-at="2017-09-30T12:14:32Z">
      <class name="testcases.TestCase_005">
        <test-method status="PASS" signature="testcase1()[pri:0, instance:testcases.TestCase_005@523884b2]" name="testcase1" duration-ms="2892" started-at="2017-09-30T14:14:29Z" finished-at="2017-09-30T14:14:32Z">
          <reporter-output>
          </reporter-output>
        </test-method> <!-- testcase1 -->
      </class> <!-- testcases.TestCase_005 -->
      <class name="testcases.TestCase_004">
        <test-method status="PASS" signature="testcase1()[pri:0, instance:testcases.TestCase_004@4501b7af]" name="testcase1" duration-ms="2910" started-at="2017-09-30T14:14:27Z" finished-at="2017-09-30T14:14:29Z">
          <reporter-output>
          </reporter-output>
        </test-method> <!-- testcase1 -->
      </class> <!-- testcases.TestCase_004 -->
      <class name="testcases.TestCase_001">
        <test-method status="PASS" signature="testcase1()[pri:0, instance:testcases.TestCase_001@14acaea5]" name="testcase1" duration-ms="3608" started-at="2017-09-30T14:14:17Z" finished-at="2017-09-30T14:14:21Z">
          <reporter-output>
          </reporter-output>
        </test-method> <!-- testcase1 -->
      </class> <!-- testcases.TestCase_001 -->
      <class name="testcases.TestCase_003">
        <test-method status="PASS" signature="testcase1()[pri:0, instance:testcases.TestCase_003@28d25987]" name="testcase1" duration-ms="2873" started-at="2017-09-30T14:14:24Z" finished-at="2017-09-30T14:14:27Z">
          <reporter-output>
          </reporter-output>
        </test-method> <!-- testcase1 -->
      </class> <!-- testcases.TestCase_003 -->
      <class name="testcases.TestCase_002">
        <test-method status="PASS" signature="testcase1()[pri:0, instance:testcases.TestCase_002@59fa1d9b]" name="testcase1" duration-ms="2918" started-at="2017-09-30T14:14:21Z" finished-at="2017-09-30T14:14:24Z">
          <reporter-output>
          </reporter-output>
        </test-method> <!-- testcase1 -->
      </class> <!-- testcases.TestCase_002 -->
    </test> <!-- Test -->
  </suite> <!-- Suite -->
</testng-results>
