<?xml version="1.0" encoding="UTF-8"?>
<!-- Generated by org.testng.reporters.JUnitXMLReporter -->
<testsuite hostname="PL1SEMAL0031NB" ignored="0" name="Test" tests="5" failures="0" timestamp="30 sep 2017 12:14:32 GMT" time="15.22" errors="0">
  <testcase name="testcase1" time="3.608" classname="testcases.TestCase_001"/>
  <testcase name="testcase1" time="2.918" classname="testcases.TestCase_002"/>
  <testcase name="testcase1" time="2.873" classname="testcases.TestCase_003"/>
  <testcase name="testcase1" time="2.91" classname="testcases.TestCase_004"/>
  <testcase name="testcase1" time="2.892" classname="testcases.TestCase_005"/>
</testsuite> <!-- Test -->
